Launch  39.93923500 -104.74882200    1556.00 
   0.000     0.0000        +0.000000        +0.000000        +0.000000      +0.000000      +0.000000      +0.000000 +0.7071067812 -0.0000000000 +0.7071067812 -0.0000000000 +0.000000 +0.000000 +0.000000 
   0.500    15.7202        +0.000000        +0.000000        +4.271658      +0.000000      +0.000000     +17.136604 +0.7071067812 +0.0000000000 +0.7071067812 +0.0000000000 +0.000000 +0.000000 +0.000000 
   1.000    15.4346        +0.000000        +0.000000       +17.170478      +0.000000      +0.000000     +34.475935 +0.7071067812 +0.0000000000 +0.7071067812 +0.0000000000 +0.000000 +0.000000 +0.000000 
   1.500    15.1491        +0.000000        +0.000000       +38.747780      +0.000000      +0.000000     +51.816250 +0.7071067812 +0.0000000000 +0.7071067812 +0.0000000000 +0.000000 +0.000000 +0.000000 
   2.000    14.8636        +0.000000        +0.000000       +68.952542      +0.000000      +0.000000     +68.951718 +0.7071067812 +0.0000000000 +0.7071067812 +0.0000000000 +0.000000 +0.000000 +0.000000 
   2.510    14.5723        +0.000000        +0.000000      +108.490559      +0.000000      +0.000000     +86.012556 +0.7071067812 +0.0000000000 +0.7071067812 +0.0000000000 +0.000000 +0.000000 +0.000000 
   3.010    14.2868        +0.000000        +0.000000      +155.557913      +0.000000      +0.000000    +102.144791 +0.7071067812 +0.0000000000 +0.7071067812 +0.0000000000 +0.000000 +0.000000 +0.000000 
   3.510    14.0012        +0.000000        +0.000000      +210.510999      +0.000000      +0.000000    +117.532159 +0.7071067812 +0.0000000000 +0.7071067812 +0.0000000000 +0.000000 +0.000000 +0.000000 
   4.010    13.7157        +0.000000        +0.000000      +272.945077      +0.000000      +0.000000    +132.050999 +0.7071067812 +0.0000000000 +0.7071067812 +0.0000000000 +0.000000 +0.000000 +0.000000 
   4.510    13.4301        +0.000000        +0.000000      +342.402368      +0.000000      +0.000000    +145.613311 +0.7071067812 +0.0000000000 +0.7071067812 +0.0000000000 +0.000000 +0.000000 +0.000000 
   5.010    13.1446        +0.000000        +0.000000      +418.389946      +0.000000      +0.000000    +158.166373 +0.7071067812 +0.0000000000 +0.7071067812 +0.0000000000 +0.000000 +0.000000 +0.000000 
   5.510    12.8591        +0.000000        +0.000000      +500.397089      +0.000000      +0.000000    +169.690929 +0.7071067812 +0.0000000000 +0.7071067812 +0.0000000000 +0.000000 +0.000000 +0.000000 
   6.010    12.5735        +0.000000        +0.000000      +587.910978      +0.000000      +0.000000    +180.197111 +0.7071067812 +0.0000000000 +0.7071067812 +0.0000000000 +0.000000 +0.000000 +0.000000 
   6.510    12.2880        +0.000000        +0.000000      +680.430062      +0.000000      +0.000000    +189.719057 +0.7071067812 +0.0000000000 +0.7071067812 +0.0000000000 +0.000000 +0.000000 +0.000000 
   7.010    12.0024        +0.000000        +0.000000      +777.474686      +0.000000      +0.000000    +198.309245 +0.7071067812 +0.0000000000 +0.7071067812 +0.0000000000 +0.000000 +0.000000 +0.000000 
   7.510    11.7169        +0.000000        +0.000000      +878.594879      +0.000000      +0.000000    +206.033024 +0.7071067812 +0.0000000000 +0.7071067812 +0.0000000000 +0.000000 +0.000000 +0.000000 
   8.010    11.4314        +0.000000        +0.000000      +983.375508      +0.000000      +0.000000    +212.963604 +0.7071067812 +0.0000000000 +0.7071067812 +0.0000000000 +0.000000 +0.000000 +0.000000 
   8.510    11.1458        +0.000000        +0.000000     +1091.439105      +0.000000      +0.000000    +219.177816 +0.7071067812 +0.0000000000 +0.7071067812 +0.0000000000 +0.000000 +0.000000 +0.000000 
   9.010    10.8603        +0.000000        +0.000000     +1202.446791      +0.000000      +0.000000    +224.752716 +0.7071067812 +0.0000000000 +0.7071067812 +0.0000000000 +0.000000 +0.000000 +0.000000 
   9.510    10.5748        +0.000000        +0.000000     +1316.097714      +0.000000      +0.000000    +229.762975 +0.7071067812 +0.0000000000 +0.7071067812 +0.0000000000 +0.000000 +0.000000 +0.000000 
  10.010    10.2892        +0.000000        +0.000000     +1432.127396      +0.000000      +0.000000    +234.279123 +0.7071067812 +0.0000000000 +0.7071067812 +0.0000000000 +0.000000 +0.000000 +0.000000 
  10.510    10.0037        +0.000000        +0.000000     +1550.305356      +0.000000      +0.000000    +238.366441 +0.7071067812 +0.0000000000 +0.7071067812 +0.0000000000 +0.000000 +0.000000 +0.000000 
  11.010     9.7181        +0.000000        +0.000000     +1670.432282      +0.000000      +0.000000    +242.084298 +0.7071067812 +0.0000000000 +0.7071067812 +0.0000000000 +0.000000 +0.000000 +0.000000 
  11.510     9.4326        +0.000000        +0.000000     +1792.336994      +0.000000      +0.000000    +245.485906 +0.7071067812 +0.0000000000 +0.7071067812 +0.0000000000 +0.000000 +0.000000 +0.000000 
  12.010     9.1471        +0.000000        +0.000000     +1915.873362      +0.000000      +0.000000    +248.618319 +0.7071067812 +0.0000000000 +0.7071067812 +0.0000000000 +0.000000 +0.000000 +0.000000 
  12.510     8.8615        +0.000000        +0.000000     +2040.917286      +0.000000      +0.000000    +251.522555 +0.7071067812 +0.0000000000 +0.7071067812 +0.0000000000 +0.000000 +0.000000 +0.000000 
  13.010     8.5760        +0.000000        +0.000000     +2167.363851      +0.000000      +0.000000    +254.234343 +0.7071067812 +0.0000000000 +0.7071067812 +0.0000000000 +0.000000 +0.000000 +0.000000 
  13.510     8.2904        +0.000000        +0.000000     +2295.124713      +0.000000      +0.000000    +256.784421 +0.7071067812 +0.0000000000 +0.7071067812 +0.0000000000 +0.000000 +0.000000 +0.000000 
  14.010     8.0049        +0.000000        +0.000000     +2424.125699      +0.000000      +0.000000    +259.198882 +0.7071067812 +0.0000000000 +0.7071067812 +0.0000000000 +0.000000 +0.000000 +0.000000 
  14.510     7.7194        +0.000000        +0.000000     +2554.304642      +0.000000      +0.000000    +261.499631 +0.7071067812 +0.0000000000 +0.7071067812 +0.0000000000 +0.000000 +0.000000 +0.000000 
  15.010     7.4338        +0.000000        +0.000000     +2685.609501      +0.000000      +0.000000    +263.705303 +0.7071067812 +0.0000000000 +0.7071067812 +0.0000000000 +0.000000 +0.000000 +0.000000 
  15.510     7.1483        +0.000000        +0.000000     +2817.996710      +0.000000      +0.000000    +265.831397 +0.7071067812 +0.0000000000 +0.7071067812 +0.0000000000 +0.000000 +0.000000 +0.000000 
  16.010     6.8627        +0.000000        +0.000000     +2951.429717      +0.000000      +0.000000    +267.890438 +0.7071067812 +0.0000000000 +0.7071067812 +0.0000000000 +0.000000 +0.000000 +0.000000 
  16.510     6.5772        +0.000000        +0.000000     +3085.877744      +0.000000      +0.000000    +269.893000 +0.7071067812 +0.0000000000 +0.7071067812 +0.0000000000 +0.000000 +0.000000 +0.000000 
  17.010     6.2917        +0.000000        +0.000000     +3221.314763      +0.000000      +0.000000    +271.847704 +0.7071067812 +0.0000000000 +0.7071067812 +0.0000000000 +0.000000 +0.000000 +0.000000 
  17.510     6.0061        +0.000000        +0.000000     +3357.718572      +0.000000      +0.000000    +273.761198 +0.7071067812 +0.0000000000 +0.7071067812 +0.0000000000 +0.000000 +0.000000 +0.000000 
  18.000     5.7263        +0.000000        +0.000000     +3492.313846      +0.000000      +0.000000    +275.601932 +0.7071067812 +0.0000000000 +0.7071067812 +0.0000000000 +0.000000 +0.000000 +0.000000 
  18.500     5.4408        +0.000000        +0.000000     +3630.577904      +0.000000      +0.000000    +277.449406 +0.7071067812 +0.0000000000 +0.7071067812 +0.0000000000 +0.000000 +0.000000 +0.000000 
  19.000     5.1552        +0.000000        +0.000000     +3769.758599      +0.000000      +0.000000    +279.269004 +0.7071067812 +0.0000000000 +0.7071067812 +0.0000000000 +0.000000 +0.000000 +0.000000 
  19.500     4.8697        +0.000000        +0.000000     +3909.842772      +0.000000      +0.000000    +281.063724 +0.7071067812 +0.0000000000 +0.7071067812 +0.0000000000 +0.000000 +0.000000 +0.000000 
  20.000     4.5841        +0.000000        +0.000000     +4050.818486      +0.000000      +0.000000    +282.835484 +0.7071067812 +0.0000000000 +0.7071067812 +0.0000000000 +0.000000 +0.000000 +0.000000 
  20.500     4.2986        +0.000000        +0.000000     +4192.674723      +0.000000      +0.000000    +284.586036 +0.7071067812 +0.0000000000 +0.7071067812 +0.0000000000 +0.000000 +0.000000 +0.000000 
  21.000     4.0131        +0.000000        +0.000000     +4335.401228      +0.000000      +0.000000    +286.316747 +0.7071067812 +0.0000000000 +0.7071067812 +0.0000000000 +0.000000 +0.000000 +0.000000 
  21.500     3.7275        +0.000000        +0.000000     +4478.988287      +0.000000      +0.000000    +288.028399 +0.7071067812 +0.0000000000 +0.7071067812 +0.0000000000 +0.000000 +0.000000 +0.000000 
  22.000     3.4420        +0.000000        +0.000000     +4623.426645      +0.000000      +0.000000    +289.722068 +0.7071067812 +0.0000000000 +0.7071067812 +0.0000000000 +0.000000 +0.000000 +0.000000 
  22.500     3.1564        +0.000000        +0.000000     +4768.707388      +0.000000      +0.000000    +291.398029 +0.7071067812 +0.0000000000 +0.7071067812 +0.0000000000 +0.000000 +0.000000 +0.000000 
  23.000     2.8709        +0.000000        +0.000000     +4914.821874      +0.000000      +0.000000    +293.057132 +0.7071067812 +0.0000000000 +0.7071067812 +0.0000000000 +0.000000 +0.000000 +0.000000 
  23.500     2.5854        +0.000000        +0.000000     +5061.761704      +0.000000      +0.000000    +294.699453 +0.7071067812 +0.0000000000 +0.7071067812 +0.0000000000 +0.000000 +0.000000 +0.000000 
  24.000     2.2998        +0.000000        +0.000000     +5209.518648      +0.000000      +0.000000    +296.325672 +0.7071067812 +0.0000000000 +0.7071067812 +0.0000000000 +0.000000 +0.000000 +0.000000 
  24.500     2.0143        +0.000000        +0.000000     +5358.084678      +0.000000      +0.000000    +297.935810 +0.7071067812 +0.0000000000 +0.7071067812 +0.0000000000 +0.000000 +0.000000 +0.000000 
  25.000     1.9971        +0.000000        +0.000000     +5477.219957      +0.000000      +0.000000    +189.304872 +0.7071067812 +0.0000000000 +0.7071067812 +0.0000000000 +0.000000 +0.000000 +0.000000 
  25.500     1.9971        +0.000000        +0.000000     +5557.038659      +0.000000      +0.000000    +135.444103 +0.7071067812 +0.0000000000 +0.7071067812 +0.0000000000 +0.000000 +0.000000 +0.000000 
  26.000     1.9971        +0.000000        +0.000000     +5616.253139      +0.000000      +0.000000    +103.791971 +0.7071067812 +0.0000000000 +0.7071067812 +0.0000000000 +0.000000 +0.000000 +0.000000 
  26.500     1.9971        +0.000000        +0.000000     +5662.543526      +0.000000      +0.000000     +82.610161 +0.7071067812 +0.0000000000 +0.7071067812 +0.0000000000 +0.000000 +0.000000 +0.000000 
  27.000     1.9971        +0.000000        +0.000000     +5699.810806      +0.000000      +0.000000     +67.184641 +0.7071067812 +0.0000000000 +0.7071067812 +0.0000000000 +0.000000 +0.000000 +0.000000 
  27.500     1.9971        +0.000000        +0.000000     +5730.304724      +0.000000      +0.000000     +55.249553 +0.7071067812 +0.0000000000 +0.7071067812 +0.0000000000 +0.000000 +0.000000 +0.000000 
  28.000     1.9971        +0.000000        +0.000000     +5755.434881      +0.000000      +0.000000     +45.576824 +0.7071067812 +0.0000000000 +0.7071067812 +0.0000000000 +0.000000 +0.000000 +0.000000 
  28.500     1.9971        +0.000000        +0.000000     +5776.136153      +0.000000      +0.000000     +37.439855 +0.7071067812 +0.0000000000 +0.7071067812 +0.0000000000 +0.000000 +0.000000 +0.000000 
  29.000     1.9971        +0.000000        +0.000000     +5793.053165      +0.000000      +0.000000     +30.378091 +0.7071067812 +0.0000000000 +0.7071067812 +0.0000000000 +0.000000 +0.000000 +0.000000 
  29.500     1.9971        +0.000000        +0.000000     +5806.641438      +0.000000      +0.000000     +24.082254 +0.7071067812 +0.0000000000 +0.7071067812 +0.0000000000 +0.000000 +0.000000 +0.000000 
  30.000     1.9971        +0.000000        +0.000000     +5817.226319      +0.000000      +0.000000     +18.333519 +0.7071067812 +0.0000000000 +0.7071067812 +0.0000000000 +0.000000 +0.000000 +0.000000 
  30.500     1.9971        +0.000000        +0.000000     +5825.038809      +0.000000      +0.000000     +12.968958 +0.7071067812 +0.0000000000 +0.7071067812 +0.0000000000 +0.000000 +0.000000 +0.000000 
  31.000     1.9971        +0.000000        +0.000000     +5830.237867      +0.000000      +0.000000      +7.860582 +0.7071067812 +0.0000000000 +0.7071067812 +0.0000000000 +0.000000 +0.000000 +0.000000 
  31.500     1.9971        +0.000000        +0.000000     +5832.924255      +0.000000      +0.000000      +2.901741 +0.7071067812 +0.0000000000 +0.7071067812 +0.0000000000 +0.000000 +0.000000 +0.000000 
  32.000     1.9971        +0.000000        +0.000000     +5833.148787      +0.000000      +0.000000      -2.000575 +0.7071067812 +0.0000000000 +0.7071067812 +0.0000000000 +0.000000 +0.000000 +0.000000 
  32.500     1.9971        +0.000000        +0.000000     +5830.930105      +0.000000      +0.000000      -6.860854 +0.7071067812 +0.0000000000 +0.7071067812 +0.0000000000 +0.000000 +0.000000 +0.000000 
  33.000     1.9971        +0.000000        +0.000000     +5826.308322      +0.000000      +0.000000     -11.599109 +0.7071067812 +0.0000000000 +0.7071067812 +0.0000000000 +0.000000 +0.000000 +0.000000 
  33.500     1.9971        +0.000000        +0.000000     +5819.364422      +0.000000      +0.000000     -16.137296 +0.7071067812 +0.0000000000 +0.7071067812 +0.0000000000 +0.000000 +0.000000 +0.000000 
  34.000     1.9971        +0.000000        +0.000000     +5810.215275      +0.000000      +0.000000     -20.410586 +0.7071067812 +0.0000000000 +0.7071067812 +0.0000000000 +0.000000 +0.000000 +0.000000 
  34.500     1.9971        +0.000000        +0.000000     +5799.006196      +0.000000      +0.000000     -24.370360 +0.7071067812 +0.0000000000 +0.7071067812 +0.0000000000 +0.000000 +0.000000 +0.000000 
  35.000     1.9971        +0.000000        +0.000000     +5785.902502      +0.000000      +0.000000     -27.985239 +0.7071067812 +0.0000000000 +0.7071067812 +0.0000000000 +0.000000 +0.000000 +0.000000 
  35.500     1.9971        +0.000000        +0.000000     +5771.081006      +0.000000      +0.000000     -31.240382 +0.7071067812 +0.0000000000 +0.7071067812 +0.0000000000 +0.000000 +0.000000 +0.000000 
  36.000     1.9971        +0.000000        +0.000000     +5754.722209      +0.000000      +0.000000     -34.135459 +0.7071067812 +0.0000000000 +0.7071067812 +0.0000000000 +0.000000 +0.000000 +0.000000 
  36.500     1.9971        +0.000000        +0.000000     +5737.003722      +0.000000      +0.000000     -36.681845 +0.7071067812 +0.0000000000 +0.7071067812 +0.0000000000 +0.000000 +0.000000 +0.000000 
  37.000     1.9971        +0.000000        +0.000000     +5718.095186      +0.000000      +0.000000     -38.899547 +0.7071067812 +0.0000000000 +0.7071067812 +0.0000000000 +0.000000 +0.000000 +0.000000 
  37.500     1.9971        +0.000000        +0.000000     +5698.154701      +0.000000      +0.000000     -40.814257 +0.7071067812 +0.0000000000 +0.7071067812 +0.0000000000 +0.000000 +0.000000 +0.000000 
  38.000     1.9971        +0.000000        +0.000000     +5677.326644      +0.000000      +0.000000     -42.454768 +0.7071067812 +0.0000000000 +0.7071067812 +0.0000000000 +0.000000 +0.000000 +0.000000 
  38.500     1.9971        +0.000000        +0.000000     +5655.740660      +0.000000      +0.000000     -43.850947 +0.7071067812 +0.0000000000 +0.7071067812 +0.0000000000 +0.000000 +0.000000 +0.000000 
  39.000     1.9971        +0.000000        +0.000000     +5633.511514      +0.000000      +0.000000     -45.032217 +0.7071067812 +0.0000000000 +0.7071067812 +0.0000000000 +0.000000 +0.000000 +0.000000 
  39.500     1.9971        +0.000000        +0.000000     +5610.739603      +0.000000      +0.000000     -46.026486 +0.7071067812 +0.0000000000 +0.7071067812 +0.0000000000 +0.000000 +0.000000 +0.000000 
  40.000     1.9971        +0.000000        +0.000000     +5587.511895      +0.000000      +0.000000     -46.859491 +0.7071067812 +0.0000000000 +0.7071067812 +0.0000000000 +0.000000 +0.000000 +0.000000 
  40.500     1.9971        +0.000000        +0.000000     +5563.903114      +0.000000      +0.000000     -47.554431 +0.7071067812 +0.0000000000 +0.7071067812 +0.0000000000 +0.000000 +0.000000 +0.000000 
  41.000     1.9971        +0.000000        +0.000000     +5539.977026      +0.000000      +0.000000     -48.131935 +0.7071067812 +0.0000000000 +0.7071067812 +0.0000000000 +0.000000 +0.000000 +0.000000 
  41.500     1.9971        +0.000000        +0.000000     +5515.787728      +0.000000      +0.000000     -48.610079 +0.7071067812 +0.0000000000 +0.7071067812 +0.0000000000 +0.000000 +0.000000 +0.000000 
  42.000     1.9971        +0.000000        +0.000000     +5491.380888      +0.000000      +0.000000     -49.004517 +0.7071067812 +0.0000000000 +0.7071067812 +0.0000000000 +0.000000 +0.000000 +0.000000 
  42.500     1.9971        +0.000000        +0.000000     +5466.794921      +0.000000      +0.000000     -49.328647 +0.7071067812 +0.0000000000 +0.7071067812 +0.0000000000 +0.000000 +0.000000 +0.000000 
  43.000     1.9971        +0.000000        +0.000000     +5442.062042      +0.000000      +0.000000     -49.593927 +0.7071067812 +0.0000000000 +0.7071067812 +0.0000000000 +0.000000 +0.000000 +0.000000 
  43.510     1.9971        +0.000000        +0.000000     +5416.711055      +0.000000      +0.000000     -49.813967 +0.7071067812 +0.0000000000 +0.7071067812 +0.0000000000 +0.000000 +0.000000 +0.000000 
  44.010     1.9971        +0.000000        +0.000000     +5391.758901      +0.000000      +0.000000     -49.988465 +0.7071067812 +0.0000000000 +0.7071067812 +0.0000000000 +0.000000 +0.000000 +0.000000 
  44.510     1.9971        +0.000000        +0.000000     +5366.728244      +0.000000      +0.000000     -50.129014 +0.7071067812 +0.0000000000 +0.7071067812 +0.0000000000 +0.000000 +0.000000 +0.000000 
  45.010     1.9971        +0.000000        +0.000000     +5341.634583      +0.000000      +0.000000     -50.241363 +0.7071067812 +0.0000000000 +0.7071067812 +0.0000000000 +0.000000 +0.000000 +0.000000 
  45.510     1.9971        +0.000000        +0.000000     +5316.490775      +0.000000      +0.000000     -50.330331 +0.7071067812 +0.0000000000 +0.7071067812 +0.0000000000 +0.000000 +0.000000 +0.000000 
  46.010     1.9971        +0.000000        +0.000000     +5291.307477      +0.000000      +0.000000     -50.399929 +0.7071067812 +0.0000000000 +0.7071067812 +0.0000000000 +0.000000 +0.000000 +0.000000 
  46.510     1.9971        +0.000000        +0.000000     +5266.093525      +0.000000      +0.000000     -50.453443 +0.7071067812 +0.0000000000 +0.7071067812 +0.0000000000 +0.000000 +0.000000 +0.000000 
  47.010     1.9971        +0.000000        +0.000000     +5240.856250      +0.000000      +0.000000     -50.493641 +0.7071067812 +0.0000000000 +0.7071067812 +0.0000000000 +0.000000 +0.000000 +0.000000 
  47.510     1.9971        +0.000000        +0.000000     +5215.601715      +0.000000      +0.000000     -50.522839 +0.7071067812 +0.0000000000 +0.7071067812 +0.0000000000 +0.000000 +0.000000 +0.000000 
  48.010     1.9971        +0.000000        +0.000000     +5190.334924      +0.000000      +0.000000     -50.542948 +0.7071067812 +0.0000000000 +0.7071067812 +0.0000000000 +0.000000 +0.000000 +0.000000 
  48.510     1.9971        +0.000000        +0.000000     +5165.060027      +0.000000      +0.000000     -50.555496 +0.7071067812 +0.0000000000 +0.7071067812 +0.0000000000 +0.000000 +0.000000 +0.000000 
  49.010     1.9971        +0.000000        +0.000000     +5139.780469      +0.000000      +0.000000     -50.561795 +0.7071067812 +0.0000000000 +0.7071067812 +0.0000000000 +0.000000 +0.000000 +0.000000 
  49.510     1.9971        +0.000000        +0.000000     +5114.499090      +0.000000      +0.000000     -50.562942 +0.7071067812 +0.0000000000 +0.7071067812 +0.0000000000 +0.000000 +0.000000 +0.000000 
  50.010     1.9971        +0.000000        +0.000000     +5089.218233      +0.000000      +0.000000     -50.559839 +0.7071067812 +0.0000000000 +0.7071067812 +0.0000000000 +0.000000 +0.000000 +0.000000 
  50.510     1.9971        +0.000000        +0.000000     +5063.939845      +0.000000      +0.000000     -50.553174 +0.7071067812 +0.0000000000 +0.7071067812 +0.0000000000 +0.000000 +0.000000 +0.000000 
  51.010     1.9971        +0.000000        +0.000000     +5038.665550      +0.000000      +0.000000     -50.543564 +0.7071067812 +0.0000000000 +0.7071067812 +0.0000000000 +0.000000 +0.000000 +0.000000 
  51.510     1.9971        +0.000000        +0.000000     +5013.396684      +0.000000      +0.000000     -50.531534 +0.7071067812 +0.0000000000 +0.7071067812 +0.0000000000 +0.000000 +0.000000 +0.000000 
  52.010     1.9971        +0.000000        +0.000000     +4988.134348      +0.000000      +0.000000     -50.517506 +0.7071067812 +0.0000000000 +0.7071067812 +0.0000000000 +0.000000 +0.000000 +0.000000 
  52.510     1.9971        +0.000000        +0.000000     +4962.879463      +0.000000      +0.000000     -50.501774 +0.7071067812 +0.0000000000 +0.7071067812 +0.0000000000 +0.000000 +0.000000 +0.000000 
  53.010     1.9971        +0.000000        +0.000000     +4937.632808      +0.000000      +0.000000     -50.484632 +0.7071067812 +0.0000000000 +0.7071067812 +0.0000000000 +0.000000 +0.000000 +0.000000 
  53.510     1.9971        +0.000000        +0.000000     +4912.395023      +0.000000      +0.000000     -50.466337 +0.7071067812 +0.0000000000 +0.7071067812 +0.0000000000 +0.000000 +0.000000 +0.000000 
  54.010     1.9971        +0.000000        +0.000000     +4887.166629      +0.000000      +0.000000     -50.447088 +0.7071067812 +0.0000000000 +0.7071067812 +0.0000000000 +0.000000 +0.000000 +0.000000 
  54.510     1.9971        +0.000000        +0.000000     +4861.948077      +0.000000      +0.000000     -50.426992 +0.7071067812 +0.0000000000 +0.7071067812 +0.0000000000 +0.000000 +0.000000 +0.000000 
  55.010     1.9971        +0.000000        +0.000000     +4836.739754      +0.000000      +0.000000     -50.406196 +0.7071067812 +0.0000000000 +0.7071067812 +0.0000000000 +0.000000 +0.000000 +0.000000 
  55.510     1.9971        +0.000000        +0.000000     +4811.541976      +0.000000      +0.000000     -50.384832 +0.7071067812 +0.0000000000 +0.7071067812 +0.0000000000 +0.000000 +0.000000 +0.000000 
  56.010     1.9971        +0.000000        +0.000000     +4786.355000      +0.000000      +0.000000     -50.362994 +0.7071067812 +0.0000000000 +0.7071067812 +0.0000000000 +0.000000 +0.000000 +0.000000 
  56.510     1.9971        +0.000000        +0.000000     +4761.179058      +0.000000      +0.000000     -50.340704 +0.7071067812 +0.0000000000 +0.7071067812 +0.0000000000 +0.000000 +0.000000 +0.000000 
  57.010     1.9971        +0.000000        +0.000000     +4736.014358      +0.000000      +0.000000     -50.318041 +0.7071067812 +0.0000000000 +0.7071067812 +0.0000000000 +0.000000 +0.000000 +0.000000 
  57.510     1.9971        +0.000000        +0.000000     +4710.861066      +0.000000      +0.000000     -50.295080 +0.7071067812 +0.0000000000 +0.7071067812 +0.0000000000 +0.000000 +0.000000 +0.000000 
  58.010     1.9971        +0.000000        +0.000000     +4685.719319      +0.000000      +0.000000     -50.271865 +0.7071067812 +0.0000000000 +0.7071067812 +0.0000000000 +0.000000 +0.000000 +0.000000 
  58.510     1.9971        +0.000000        +0.000000     +4660.589247      +0.000000      +0.000000     -50.248379 +0.7071067812 +0.0000000000 +0.7071067812 +0.0000000000 +0.000000 +0.000000 +0.000000 
  59.010     1.9971        +0.000000        +0.000000     +4635.470977      +0.000000      +0.000000     -50.224669 +0.7071067812 +0.0000000000 +0.7071067812 +0.0000000000 +0.000000 +0.000000 +0.000000 
  59.510     1.9971        +0.000000        +0.000000     +4610.364608      +0.000000      +0.000000     -50.200784 +0.7071067812 +0.0000000000 +0.7071067812 +0.0000000000 +0.000000 +0.000000 +0.000000 
  60.010     1.9971        +0.000000        +0.000000     +4585.270218      +0.000000      +0.000000     -50.176746 +0.7071067812 +0.0000000000 +0.7071067812 +0.0000000000 +0.000000 +0.000000 +0.000000 
  60.510     1.9971        +0.000000        +0.000000     +4560.187894      +0.000000      +0.000000     -50.152518 +0.7071067812 +0.0000000000 +0.7071067812 +0.0000000000 +0.000000 +0.000000 +0.000000 
  61.010     1.9971        +0.000000        +0.000000     +4535.117726      +0.000000      +0.000000     -50.128135 +0.7071067812 +0.0000000000 +0.7071067812 +0.0000000000 +0.000000 +0.000000 +0.000000 
  61.510     1.9971        +0.000000        +0.000000     +4510.059779      +0.000000      +0.000000     -50.103632 +0.7071067812 +0.0000000000 +0.7071067812 +0.0000000000 +0.000000 +0.000000 +0.000000 
  62.010     1.9971        +0.000000        +0.000000     +4485.014110      +0.000000      +0.000000     -50.079022 +0.7071067812 +0.0000000000 +0.7071067812 +0.0000000000 +0.000000 +0.000000 +0.000000 
  62.510     1.9971        +0.000000        +0.000000     +4459.980784      +0.000000      +0.000000     -50.054259 +0.7071067812 +0.0000000000 +0.7071067812 +0.0000000000 +0.000000 +0.000000 +0.000000 
  63.010     1.9971        +0.000000        +0.000000     +4434.959872      +0.000000      +0.000000     -50.029369 +0.7071067812 +0.0000000000 +0.7071067812 +0.0000000000 +0.000000 +0.000000 +0.000000 
  63.510     1.9971        +0.000000        +0.000000     +4409.951430      +0.000000      +0.000000     -50.004386 +0.7071067812 +0.0000000000 +0.7071067812 +0.0000000000 +0.000000 +0.000000 +0.000000 
  64.010     1.9971        +0.000000        +0.000000     +4384.955499      +0.000000      +0.000000     -49.979316 +0.7071067812 +0.0000000000 +0.7071067812 +0.0000000000 +0.000000 +0.000000 +0.000000 
  64.510     1.9971        +0.000000        +0.000000     +4359.972138      +0.000000      +0.000000     -49.954106 +0.7071067812 +0.0000000000 +0.7071067812 +0.0000000000 +0.000000 +0.000000 +0.000000 
  65.010     1.9971        +0.000000        +0.000000     +4335.001412      +0.000000      +0.000000     -49.928784 +0.7071067812 +0.0000000000 +0.7071067812 +0.0000000000 +0.000000 +0.000000 +0.000000 
  65.510     1.9971        +0.000000        +0.000000     +4310.043368      +0.000000      +0.000000     -49.903379 +0.7071067812 +0.0000000000 +0.7071067812 +0.0000000000 +0.000000 +0.000000 +0.000000 
  66.010     1.9971        +0.000000        +0.000000     +4285.098045      +0.000000      +0.000000     -49.877895 +0.7071067812 +0.0000000000 +0.7071067812 +0.0000000000 +0.000000 +0.000000 +0.000000 
  66.510     1.9971        +0.000000        +0.000000     +4260.165497      +0.000000      +0.000000     -49.852278 +0.7071067812 +0.0000000000 +0.7071067812 +0.0000000000 +0.000000 +0.000000 +0.000000 
  67.010     1.9971        +0.000000        +0.000000     +4235.245785      +0.000000      +0.000000     -49.826552 +0.7071067812 +0.0000000000 +0.7071067812 +0.0000000000 +0.000000 +0.000000 +0.000000 
  67.510     1.9971        +0.000000        +0.000000     +4210.338958      +0.000000      +0.000000     -49.800747 +0.7071067812 +0.0000000000 +0.7071067812 +0.0000000000 +0.000000 +0.000000 +0.000000 
  68.010     1.9971        +0.000000        +0.000000     +4185.445049      +0.000000      +0.000000     -49.774868 +0.7071067812 +0.0000000000 +0.7071067812 +0.0000000000 +0.000000 +0.000000 +0.000000 
  68.510     1.9971        +0.000000        +0.000000     +4160.564113      +0.000000      +0.000000     -49.748856 +0.7071067812 +0.0000000000 +0.7071067812 +0.0000000000 +0.000000 +0.000000 +0.000000 
  69.010     1.9971        +0.000000        +0.000000     +4135.696211      +0.000000      +0.000000     -49.722736 +0.7071067812 +0.0000000000 +0.7071067812 +0.0000000000 +0.000000 +0.000000 +0.000000 
  69.510     1.9971        +0.000000        +0.000000     +4110.841390      +0.000000      +0.000000     -49.696538 +0.7071067812 +0.0000000000 +0.7071067812 +0.0000000000 +0.000000 +0.000000 +0.000000 
  70.010     1.9971        +0.000000        +0.000000     +4085.999683      +0.000000      +0.000000     -49.670268 +0.7071067812 +0.0000000000 +0.7071067812 +0.0000000000 +0.000000 +0.000000 +0.000000 
  70.510     1.9971        +0.000000        +0.000000     +4061.171145      +0.000000      +0.000000     -49.643863 +0.7071067812 +0.0000000000 +0.7071067812 +0.0000000000 +0.000000 +0.000000 +0.000000 
  71.010     1.9971        +0.000000        +0.000000     +4036.355838      +0.000000      +0.000000     -49.617350 +0.7071067812 +0.0000000000 +0.7071067812 +0.0000000000 +0.000000 +0.000000 +0.000000 
  71.510     1.9971        +0.000000        +0.000000     +4011.553809      +0.000000      +0.000000     -49.590757 +0.7071067812 +0.0000000000 +0.7071067812 +0.0000000000 +0.000000 +0.000000 +0.000000 
  72.010     1.9971        +0.000000        +0.000000     +3986.765092      +0.000000      +0.000000     -49.564092 +0.7071067812 +0.0000000000 +0.7071067812 +0.0000000000 +0.000000 +0.000000 +0.000000 
  72.500     1.9971        +0.000000        +0.000000     +3962.485116      +0.000000      +0.000000     -49.537830 +0.7071067812 +0.0000000000 +0.7071067812 +0.0000000000 +0.000000 +0.000000 +0.000000 
  73.000     1.9971        +0.000000        +0.000000     +3937.722924      +0.000000      +0.000000     -49.510920 +0.7071067812 +0.0000000000 +0.7071067812 +0.0000000000 +0.000000 +0.000000 +0.000000 
  73.500     1.9971        +0.000000        +0.000000     +3912.974209      +0.000000      +0.000000     -49.483929 +0.7071067812 +0.0000000000 +0.7071067812 +0.0000000000 +0.000000 +0.000000 +0.000000 
  74.000     1.9971        +0.000000        +0.000000     +3888.239006      +0.000000      +0.000000     -49.456867 +0.7071067812 +0.0000000000 +0.7071067812 +0.0000000000 +0.000000 +0.000000 +0.000000 
  74.500     1.9971        +0.000000        +0.000000     +3863.517366      +0.000000      +0.000000     -49.429670 +0.7071067812 +0.0000000000 +0.7071067812 +0.0000000000 +0.000000 +0.000000 +0.000000 
  75.000     1.9971        +0.000000        +0.000000     +3838.809356      +0.000000      +0.000000     -49.402355 +0.7071067812 +0.0000000000 +0.7071067812 +0.0000000000 +0.000000 +0.000000 +0.000000 
  75.500     1.9971        +0.000000        +0.000000     +3814.115025      +0.000000      +0.000000     -49.374957 +0.7071067812 +0.0000000000 +0.7071067812 +0.0000000000 +0.000000 +0.000000 +0.000000 
  76.000     1.9971        +0.000000        +0.000000     +3789.434409      +0.000000      +0.000000     -49.347490 +0.7071067812 +0.0000000000 +0.7071067812 +0.0000000000 +0.000000 +0.000000 +0.000000 
  76.500     1.9971        +0.000000        +0.000000     +3764.767560      +0.000000      +0.000000     -49.319885 +0.7071067812 +0.0000000000 +0.7071067812 +0.0000000000 +0.000000 +0.000000 +0.000000 
  77.000     1.9971        +0.000000        +0.000000     +3740.114545      +0.000000      +0.000000     -49.292159 +0.7071067812 +0.0000000000 +0.7071067812 +0.0000000000 +0.000000 +0.000000 +0.000000 
  77.500     1.9971        +0.000000        +0.000000     +3715.475415      +0.000000      +0.000000     -49.264347 +0.7071067812 +0.0000000000 +0.7071067812 +0.0000000000 +0.000000 +0.000000 +0.000000 
  78.000     1.9971        +0.000000        +0.000000     +3690.850208      +0.000000      +0.000000     -49.236465 +0.7071067812 +0.0000000000 +0.7071067812 +0.0000000000 +0.000000 +0.000000 +0.000000 
  78.500     1.9971        +0.000000        +0.000000     +3666.238975      +0.000000      +0.000000     -49.208446 +0.7071067812 +0.0000000000 +0.7071067812 +0.0000000000 +0.000000 +0.000000 +0.000000 
  79.000     1.9971        +0.000000        +0.000000     +3641.641783      +0.000000      +0.000000     -49.180301 +0.7071067812 +0.0000000000 +0.7071067812 +0.0000000000 +0.000000 +0.000000 +0.000000 
  79.500     1.9971        +0.000000        +0.000000     +3617.058689      +0.000000      +0.000000     -49.152066 +0.7071067812 +0.0000000000 +0.7071067812 +0.0000000000 +0.000000 +0.000000 +0.000000 
  80.000     1.9971        +0.000000        +0.000000     +3592.489728      +0.000000      +0.000000     -49.123762 +0.7071067812 +0.0000000000 +0.7071067812 +0.0000000000 +0.000000 +0.000000 +0.000000 
  80.500     1.9971        +0.000000        +0.000000     +3567.934951      +0.000000      +0.000000     -49.095321 +0.7071067812 +0.0000000000 +0.7071067812 +0.0000000000 +0.000000 +0.000000 +0.000000 
  81.000     1.9971        +0.000000        +0.000000     +3543.394429      +0.000000      +0.000000     -49.066749 +0.7071067812 +0.0000000000 +0.7071067812 +0.0000000000 +0.000000 +0.000000 +0.000000 
  81.500     1.9971        +0.000000        +0.000000     +3518.868218      +0.000000      +0.000000     -49.038083 +0.7071067812 +0.0000000000 +0.7071067812 +0.0000000000 +0.000000 +0.000000 +0.000000 
  82.000     1.9971        +0.000000        +0.000000     +3494.356357      +0.000000      +0.000000     -49.009348 +0.7071067812 +0.0000000000 +0.7071067812 +0.0000000000 +0.000000 +0.000000 +0.000000 
  82.500     1.9971        +0.000000        +0.000000     +3469.858895      +0.000000      +0.000000     -48.980477 +0.7071067812 +0.0000000000 +0.7071067812 +0.0000000000 +0.000000 +0.000000 +0.000000 
  83.000     1.9971        +0.000000        +0.000000     +3445.375903      +0.000000      +0.000000     -48.951470 +0.7071067812 +0.0000000000 +0.7071067812 +0.0000000000 +0.000000 +0.000000 +0.000000 
  83.500     1.9971        +0.000000        +0.000000     +3420.907441      +0.000000      +0.000000     -48.922363 +0.7071067812 +0.0000000000 +0.7071067812 +0.0000000000 +0.000000 +0.000000 +0.000000 
  84.000     1.9971        +0.000000        +0.000000     +3396.453551      +0.000000      +0.000000     -48.893187 +0.7071067812 +0.0000000000 +0.7071067812 +0.0000000000 +0.000000 +0.000000 +0.000000 
  84.500     1.9971        +0.000000        +0.000000     +3372.014277      +0.000000      +0.000000     -48.863880 +0.7071067812 +0.0000000000 +0.7071067812 +0.0000000000 +0.000000 +0.000000 +0.000000 
  85.000     1.9971        +0.000000        +0.000000     +3347.589695      +0.000000      +0.000000     -48.834429 +0.7071067812 +0.0000000000 +0.7071067812 +0.0000000000 +0.000000 +0.000000 +0.000000 
  85.500     1.9971        +0.000000        +0.000000     +3323.179866      +0.000000      +0.000000     -48.804874 +0.7071067812 +0.0000000000 +0.7071067812 +0.0000000000 +0.000000 +0.000000 +0.000000 
  86.000     1.9971        +0.000000        +0.000000     +3298.784833      +0.000000      +0.000000     -48.775247 +0.7071067812 +0.0000000000 +0.7071067812 +0.0000000000 +0.000000 +0.000000 +0.000000 
  86.500     1.9971        +0.000000        +0.000000     +3274.404641      +0.000000      +0.000000     -48.745495 +0.7071067812 +0.0000000000 +0.7071067812 +0.0000000000 +0.000000 +0.000000 +0.000000 
  87.000     1.9971        +0.000000        +0.000000     +3250.039364      +0.000000      +0.000000     -48.715592 +0.7071067812 +0.0000000000 +0.7071067812 +0.0000000000 +0.000000 +0.000000 +0.000000 
  87.500     1.9971        +0.000000        +0.000000     +3225.689067      +0.000000      +0.000000     -48.685579 +0.7071067812 +0.0000000000 +0.7071067812 +0.0000000000 +0.000000 +0.000000 +0.000000 
  88.000     1.9971        +0.000000        +0.000000     +3201.353798      +0.000000      +0.000000     -48.655490 +0.7071067812 +0.0000000000 +0.7071067812 +0.0000000000 +0.000000 +0.000000 +0.000000 
  88.500     1.9971        +0.000000        +0.000000     +3177.033596      +0.000000      +0.000000     -48.625286 +0.7071067812 +0.0000000000 +0.7071067812 +0.0000000000 +0.000000 +0.000000 +0.000000 
  89.000     1.9971        +0.000000        +0.000000     +3152.728539      +0.000000      +0.000000     -48.594922 +0.7071067812 +0.0000000000 +0.7071067812 +0.0000000000 +0.000000 +0.000000 +0.000000 
  89.500     1.9971        +0.000000        +0.000000     +3128.438694      +0.000000      +0.000000     -48.564442 +0.7071067812 +0.0000000000 +0.7071067812 +0.0000000000 +0.000000 +0.000000 +0.000000 
